<?xml version="1.0" encoding="UTF-8"?>
<testsuite xmlns:xsi="http://www.w3.org/2001/XMLSchema-instance" xsi:noNamespaceSchemaLocation="https://maven.apache.org/surefire/maven-surefire-plugin/xsd/surefire-test-report-3.0.xsd" version="3.0" name="pe.edu.upeu.asistencia.repositories.PeriodoRepositoryTests" time="5.287" tests="5" errors="0" skipped="0" failures="1">
  <properties>
[...]
</properties>
  <testcase name="testEliminarPeriodo" classname="pe.edu.upeu.asistencia.repositories.PeriodoRepositoryTests" time="0.103">
    <system-out><![CDATA[14:14:46.253 [main] INFO org.springframework.test.context.support.AnnotationConfigContextLoaderUtils -- Could not detect default configuration classes for test class [pe.edu.upeu.asistencia.repositories.PeriodoRepositoryTests]: PeriodoRepositoryTests does not declare any static, non-private, non-final, nested classes annotated with @Configuration.
14:14:46.508 [main] INFO org.springframework.boot.test.context.SpringBootTestContextBootstrapper -- Found @SpringBootConfiguration pe.edu.upeu.asistencia.SysAsistenciaAnApplication for test class pe.edu.upeu.asistencia.repositories.PeriodoRepositoryTests

  .   ____          _            __ _ _
 /\\ / ___'_ __ _ _(_)_ __  __ _ \ \ \ \
( ( )\___ | '_ | '_| | '_ \/ _` | \ \ \ \
 \\/  ___)| |_)| | | | | || (_| |  ) ) ) )
  '  |____| .__|_| |_|_| |_\__, | / / / /
 =========|_|==============|___/=/_/_/_/
 :: Spring Boot ::                (v3.1.1)

2024-05-07T14:14:47.203-05:00  INFO 16748 --- [           main] p.e.u.a.r.PeriodoRepositoryTests         : Starting PeriodoRepositoryTests using Java 17.0.10 with PID 16748 (started by Redes in D:\dats\Recursos\SysAsistenciaAn)
2024-05-07T14:14:47.204-05:00  INFO 16748 --- [           main] p.e.u.a.r.PeriodoRepositoryTests         : No active profile set, falling back to 1 default profile: "default"
2024-05-07T14:14:47.866-05:00  INFO 16748 --- [           main] .s.d.r.c.RepositoryConfigurationDelegate : Bootstrapping Spring Data JPA repositories in DEFAULT mode.
2024-05-07T14:14:48.080-05:00  INFO 16748 --- [           main] .s.d.r.c.RepositoryConfigurationDelegate : Finished Spring Data repository scanning in 207 ms. Found 9 JPA repository interfaces.
2024-05-07T14:14:48.474-05:00  INFO 16748 --- [           main] o.hibernate.jpa.internal.util.LogHelper  : HHH000204: Processing PersistenceUnitInfo [name: default]
2024-05-07T14:14:48.542-05:00  INFO 16748 --- [           main] org.hibernate.Version                    : HHH000412: Hibernate ORM core version 6.2.5.Final
2024-05-07T14:14:48.545-05:00  INFO 16748 --- [           main] org.hibernate.cfg.Environment            : HHH000406: Using bytecode reflection optimizer
2024-05-07T14:14:48.710-05:00  INFO 16748 --- [           main] o.h.b.i.BytecodeProviderInitiator        : HHH000021: Bytecode provider name : bytebuddy
2024-05-07T14:14:48.723-05:00  INFO 16748 --- [           main] o.s.o.j.p.SpringPersistenceUnitInfo      : No LoadTimeWeaver setup: ignoring JPA class transformer
2024-05-07T14:14:48.740-05:00  INFO 16748 --- [           main] com.zaxxer.hikari.HikariDataSource       : HikariPool-1 - Starting...
2024-05-07T14:14:48.898-05:00  INFO 16748 --- [           main] com.zaxxer.hikari.pool.HikariPool        : HikariPool-1 - Added connection com.mysql.cj.jdbc.ConnectionImpl@2d3c0f89
2024-05-07T14:14:48.900-05:00  INFO 16748 --- [           main] com.zaxxer.hikari.HikariDataSource       : HikariPool-1 - Start completed.
2024-05-07T14:14:48.923-05:00  WARN 16748 --- [           main] org.hibernate.orm.deprecation            : HHH90000026: MySQL8Dialect has been deprecated; use org.hibernate.dialect.MySQLDialect instead
2024-05-07T14:14:49.262-05:00  INFO 16748 --- [           main] o.h.b.i.BytecodeProviderInitiator        : HHH000021: Bytecode provider name : bytebuddy
2024-05-07T14:14:49.989-05:00  INFO 16748 --- [           main] o.h.e.t.j.p.i.JtaPlatformInitiator       : HHH000490: Using JtaPlatform implementation: [org.hibernate.engine.transaction.jta.platform.internal.NoJtaPlatform]
Hibernate: alter table asis_actividad modify column horai  time(6) not null
Hibernate: alter table asis_actividad modify column min_toler  time(6) not null
Hibernate: alter table asis_asistenciax modify column hora_reg  time(6) not null
Hibernate: alter table asis_materialesx modify column hora_reg  time(6) not null
Hibernate: alter table asis_subactasisx modify column horasi  time(6) not null
Hibernate: alter table asis_subactasisx modify column min_toler  time(6) not null
Hibernate: alter table gobal_rol modify column rol_nombre  enum ('ROLE_ADMIN','ROLE_USER') not null
Hibernate: alter table upeu_asistencia modify column hora_reg  time(6) not null
Hibernate: alter table upeu_evento modify column horai  time(6) not null
Hibernate: alter table upeu_evento modify column min_toler  time(6) not null
Hibernate: alter table upeu_materiales modify column hora_reg  time(6) not null
Hibernate: alter table upeu_materiales modify column mod_fh  datetime(6) not null
Hibernate: alter table upeu_subactasis modify column horasi  time(6) not null
Hibernate: alter table upeu_subactasis modify column min_toler  time(6) not null
2024-05-07T14:14:50.303-05:00  INFO 16748 --- [           main] j.LocalContainerEntityManagerFactoryBean : Initialized JPA EntityManagerFactory for persistence unit 'default'
2024-05-07T14:14:50.827-05:00  INFO 16748 --- [           main] p.e.u.a.r.PeriodoRepositoryTests         : Started PeriodoRepositoryTests in 4.173 seconds (process running for 6.973)
Hibernate: insert into upeu_periodo (estado,nombre) values (?,?)
]]></system-out>
  </testcase>
  <testcase name="testActualizarPeriodo" classname="pe.edu.upeu.asistencia.repositories.PeriodoRepositoryTests" time="0.222">
    <system-out><![CDATA[Hibernate: insert into upeu_periodo (estado,nombre) values (?,?)
Hibernate: select p1_0.id,p1_0.estado,p1_0.nombre,e1_0.periodo_id,e1_0.id,e1_0.asis_subact,e1_0.entsal,e1_0.estado,e1_0.evaluar,e1_0.fecha,e1_0.horai,e1_0.latitud,e1_0.longitud,e1_0.mater,e1_0.min_toler,e1_0.nombre_evento,e1_0.offlinex,e1_0.perfil_evento,e1_0.user_create,e1_0.valid_insc from upeu_periodo p1_0 left join upeu_evento e1_0 on p1_0.id=e1_0.periodo_id where p1_0.id=?
Hibernate: select m1_0.periodo_id,m1_0.id,m1_0.estado,m1_0.evento_id,m1_0.persona_id,p2_0.id,p2_0.apellido_mat,p2_0.apellido_pat,p2_0.celular,p2_0.clave,p2_0.codigo,p2_0.correo,p2_0.escuela_id,e1_0.id,e1_0.estado,e1_0.facultad_id,e1_0.inicialeseap,e1_0.nombreeap,p2_0.estado,p2_0.nombre,p2_0.tipo from upeu_matricula m1_0 left join upeu_persona p2_0 on p2_0.id=m1_0.persona_id left join upeu_escuela e1_0 on e1_0.id=p2_0.escuela_id where m1_0.periodo_id=?
Hibernate: update upeu_periodo set estado=?,nombre=? where id=?
Hibernate: select p1_0.id,p1_0.estado,p1_0.nombre from upeu_periodo p1_0
Hibernate: select m1_0.periodo_id,m1_0.id,m1_0.estado,m1_0.evento_id,m1_0.persona_id,p2_0.id,p2_0.apellido_mat,p2_0.apellido_pat,p2_0.celular,p2_0.clave,p2_0.codigo,p2_0.correo,p2_0.escuela_id,e1_0.id,e1_0.estado,e1_0.facultad_id,e1_0.inicialeseap,e1_0.nombreeap,p2_0.estado,p2_0.nombre,p2_0.tipo from upeu_matricula m1_0 left join upeu_persona p2_0 on p2_0.id=m1_0.persona_id left join upeu_escuela e1_0 on e1_0.id=p2_0.escuela_id where m1_0.periodo_id=?
Hibernate: select f1_0.id,f1_0.estado,f1_0.iniciales,f1_0.nombrefac,e1_0.facultad_id,e1_0.id,e1_0.estado,e1_0.inicialeseap,e1_0.nombreeap from upeu_facultad f1_0 left join upeu_escuela e1_0 on f1_0.id=e1_0.facultad_id where f1_0.id=?
Hibernate: select m1_0.persona_id,m1_0.id,m1_0.estado,m1_0.evento_id,m1_0.periodo_id,p1_0.id,p1_0.estado,p1_0.nombre from upeu_matricula m1_0 left join upeu_periodo p1_0 on p1_0.id=m1_0.periodo_id where m1_0.persona_id=?
Hibernate: select p1_0.escuela_id,p1_0.id,p1_0.apellido_mat,p1_0.apellido_pat,p1_0.celular,p1_0.clave,p1_0.codigo,p1_0.correo,p1_0.estado,p1_0.nombre,p1_0.tipo from upeu_persona p1_0 where p1_0.escuela_id=?
Hibernate: select e1_0.periodo_id,e1_0.id,e1_0.asis_subact,e1_0.entsal,e1_0.estado,e1_0.evaluar,e1_0.fecha,e1_0.horai,e1_0.latitud,e1_0.longitud,e1_0.mater,e1_0.min_toler,e1_0.nombre_evento,e1_0.offlinex,e1_0.perfil_evento,e1_0.user_create,e1_0.valid_insc from upeu_evento e1_0 where e1_0.periodo_id=?
312023-2Activo
342021-2Inactivo
2772021-2Inactivo
]]></system-out>
  </testcase>
  <testcase name="testBuscarPeriodo" classname="pe.edu.upeu.asistencia.repositories.PeriodoRepositoryTests" time="0.008">
    <system-out><![CDATA[Hibernate: insert into upeu_periodo (estado,nombre) values (?,?)
]]></system-out>
  </testcase>
  <testcase name="CrearPeriodo" classname="pe.edu.upeu.asistencia.repositories.PeriodoRepositoryTests" time="0.011">
    <system-out><![CDATA[Hibernate: insert into upeu_periodo (estado,nombre) values (?,?)
Hibernate: insert into upeu_periodo (estado,nombre) values (?,?)
]]></system-out>
  </testcase>
  <testcase name="testListarPeriodo" classname="pe.edu.upeu.asistencia.repositories.PeriodoRepositoryTests" time="0.018">
    <failure message="expected: &lt;3&gt; but was: &lt;2&gt;" type="org.opentest4j.AssertionFailedError"><![CDATA[org.opentest4j.AssertionFailedError: expected: <3> but was: <2>
	at org.junit.jupiter.api.AssertionFailureBuilder.build(AssertionFailureBuilder.java:151)
	at org.junit.jupiter.api.AssertionFailureBuilder.buildAndThrow(AssertionFailureBuilder.java:132)
	at org.junit.jupiter.api.AssertEquals.failNotEqual(AssertEquals.java:197)
	at org.junit.jupiter.api.AssertEquals.assertEquals(AssertEquals.java:150)
	at org.junit.jupiter.api.AssertEquals.assertEquals(AssertEquals.java:145)
	at org.junit.jupiter.api.Assertions.assertEquals(Assertions.java:528)
	at pe.edu.upeu.asistencia.repositories.PeriodoRepositoryTests.testListarPeriodo(PeriodoRepositoryTests.java:58)
	at java.base/jdk.internal.reflect.NativeMethodAccessorImpl.invoke0(Native Method)
	at java.base/jdk.internal.reflect.NativeMethodAccessorImpl.invoke(NativeMethodAccessorImpl.java:77)
	at java.base/jdk.internal.reflect.DelegatingMethodAccessorImpl.invoke(DelegatingMethodAccessorImpl.java:43)
	at java.base/java.lang.reflect.Method.invoke(Method.java:568)
	at org.junit.platform.commons.util.ReflectionUtils.invokeMethod(ReflectionUtils.java:727)
	at org.junit.jupiter.engine.execution.MethodInvocation.proceed(MethodInvocation.java:60)
	at org.junit.jupiter.engine.execution.InvocationInterceptorChain$ValidatingInvocation.proceed(InvocationInterceptorChain.java:131)
	at org.junit.jupiter.engine.extension.TimeoutExtension.intercept(TimeoutExtension.java:156)
	at org.junit.jupiter.engine.extension.TimeoutExtension.interceptTestableMethod(TimeoutExtension.java:147)
	at org.junit.jupiter.engine.extension.TimeoutExtension.interceptTestMethod(TimeoutExtension.java:86)
	at org.junit.jupiter.engine.execution.InterceptingExecutableInvoker$ReflectiveInterceptorCall.lambda$ofVoidMethod$0(InterceptingExecutableInvoker.java:103)
	at org.junit.jupiter.engine.execution.InterceptingExecutableInvoker.lambda$invoke$0(InterceptingExecutableInvoker.java:93)
	at org.junit.jupiter.engine.execution.InvocationInterceptorChain$InterceptedInvocation.proceed(InvocationInterceptorChain.java:106)
	at org.junit.jupiter.engine.execution.InvocationInterceptorChain.proceed(InvocationInterceptorChain.java:64)
	at org.junit.jupiter.engine.execution.InvocationInterceptorChain.chainAndInvoke(InvocationInterceptorChain.java:45)
	at org.junit.jupiter.engine.execution.InvocationInterceptorChain.invoke(InvocationInterceptorChain.java:37)
	at org.junit.jupiter.engine.execution.InterceptingExecutableInvoker.invoke(InterceptingExecutableInvoker.java:92)
	at org.junit.jupiter.engine.execution.InterceptingExecutableInvoker.invoke(InterceptingExecutableInvoker.java:86)
	at org.junit.jupiter.engine.descriptor.TestMethodTestDescriptor.lambda$invokeTestMethod$7(TestMethodTestDescriptor.java:217)
	at org.junit.platform.engine.support.hierarchical.ThrowableCollector.execute(ThrowableCollector.java:73)
	at org.junit.jupiter.engine.descriptor.TestMethodTestDescriptor.invokeTestMethod(TestMethodTestDescriptor.java:213)
	at org.junit.jupiter.engine.descriptor.TestMethodTestDescriptor.execute(TestMethodTestDescriptor.java:138)
	at org.junit.jupiter.engine.descriptor.TestMethodTestDescriptor.execute(TestMethodTestDescriptor.java:68)
	at org.junit.platform.engine.support.hierarchical.NodeTestTask.lambda$executeRecursively$6(NodeTestTask.java:151)
	at org.junit.platform.engine.support.hierarchical.ThrowableCollector.execute(ThrowableCollector.java:73)
	at org.junit.platform.engine.support.hierarchical.NodeTestTask.lambda$executeRecursively$8(NodeTestTask.java:141)
	at org.junit.platform.engine.support.hierarchical.Node.around(Node.java:137)
	at org.junit.platform.engine.support.hierarchical.NodeTestTask.lambda$executeRecursively$9(NodeTestTask.java:139)
	at org.junit.platform.engine.support.hierarchical.ThrowableCollector.execute(ThrowableCollector.java:73)
	at org.junit.platform.engine.support.hierarchical.NodeTestTask.executeRecursively(NodeTestTask.java:138)
	at org.junit.platform.engine.support.hierarchical.NodeTestTask.execute(NodeTestTask.java:95)
	at java.base/java.util.ArrayList.forEach(ArrayList.java:1511)
	at org.junit.platform.engine.support.hierarchical.SameThreadHierarchicalTestExecutorService.invokeAll(SameThreadHierarchicalTestExecutorService.java:41)
	at org.junit.platform.engine.support.hierarchical.NodeTestTask.lambda$executeRecursively$6(NodeTestTask.java:155)
	at org.junit.platform.engine.support.hierarchical.ThrowableCollector.execute(ThrowableCollector.java:73)
	at org.junit.platform.engine.support.hierarchical.NodeTestTask.lambda$executeRecursively$8(NodeTestTask.java:141)
	at org.junit.platform.engine.support.hierarchical.Node.around(Node.java:137)
	at org.junit.platform.engine.support.hierarchical.NodeTestTask.lambda$executeRecursively$9(NodeTestTask.java:139)
	at org.junit.platform.engine.support.hierarchical.ThrowableCollector.execute(ThrowableCollector.java:73)
	at org.junit.platform.engine.support.hierarchical.NodeTestTask.executeRecursively(NodeTestTask.java:138)
	at org.junit.platform.engine.support.hierarchical.NodeTestTask.execute(NodeTestTask.java:95)
	at java.base/java.util.ArrayList.forEach(ArrayList.java:1511)
	at org.junit.platform.engine.support.hierarchical.SameThreadHierarchicalTestExecutorService.invokeAll(SameThreadHierarchicalTestExecutorService.java:41)
	at org.junit.platform.engine.support.hierarchical.NodeTestTask.lambda$executeRecursively$6(NodeTestTask.java:155)
	at org.junit.platform.engine.support.hierarchical.ThrowableCollector.execute(ThrowableCollector.java:73)
	at org.junit.platform.engine.support.hierarchical.NodeTestTask.lambda$executeRecursively$8(NodeTestTask.java:141)
	at org.junit.platform.engine.support.hierarchical.Node.around(Node.java:137)
	at org.junit.platform.engine.support.hierarchical.NodeTestTask.lambda$executeRecursively$9(NodeTestTask.java:139)
	at org.junit.platform.engine.support.hierarchical.ThrowableCollector.execute(ThrowableCollector.java:73)
	at org.junit.platform.engine.support.hierarchical.NodeTestTask.executeRecursively(NodeTestTask.java:138)
	at org.junit.platform.engine.support.hierarchical.NodeTestTask.execute(NodeTestTask.java:95)
	at org.junit.platform.engine.support.hierarchical.SameThreadHierarchicalTestExecutorService.submit(SameThreadHierarchicalTestExecutorService.java:35)
	at org.junit.platform.engine.support.hierarchical.HierarchicalTestExecutor.execute(HierarchicalTestExecutor.java:57)
	at org.junit.platform.engine.support.hierarchical.HierarchicalTestEngine.execute(HierarchicalTestEngine.java:54)
	at org.junit.platform.launcher.core.EngineExecutionOrchestrator.execute(EngineExecutionOrchestrator.java:147)
	at org.junit.platform.launcher.core.EngineExecutionOrchestrator.execute(EngineExecutionOrchestrator.java:127)
	at org.junit.platform.launcher.core.EngineExecutionOrchestrator.execute(EngineExecutionOrchestrator.java:90)
	at org.junit.platform.launcher.core.EngineExecutionOrchestrator.lambda$execute$0(EngineExecutionOrchestrator.java:55)
	at org.junit.platform.launcher.core.EngineExecutionOrchestrator.withInterceptedStreams(EngineExecutionOrchestrator.java:102)
	at org.junit.platform.launcher.core.EngineExecutionOrchestrator.execute(EngineExecutionOrchestrator.java:54)
	at org.junit.platform.launcher.core.DefaultLauncher.execute(DefaultLauncher.java:114)
	at org.junit.platform.launcher.core.DefaultLauncher.execute(DefaultLauncher.java:86)
	at org.junit.platform.launcher.core.DefaultLauncherSession$DelegatingLauncher.execute(DefaultLauncherSession.java:86)
	at org.apache.maven.surefire.junitplatform.LazyLauncher.execute(LazyLauncher.java:50)
	at org.apache.maven.surefire.junitplatform.JUnitPlatformProvider.execute(JUnitPlatformProvider.java:184)
	at org.apache.maven.surefire.junitplatform.JUnitPlatformProvider.invokeAllTests(JUnitPlatformProvider.java:148)
	at org.apache.maven.surefire.junitplatform.JUnitPlatformProvider.invoke(JUnitPlatformProvider.java:122)
	at org.apache.maven.surefire.booter.ForkedBooter.runSuitesInProcess(ForkedBooter.java:385)
	at org.apache.maven.surefire.booter.ForkedBooter.execute(ForkedBooter.java:162)
	at org.apache.maven.surefire.booter.ForkedBooter.run(ForkedBooter.java:507)
	at org.apache.maven.surefire.booter.ForkedBooter.main(ForkedBooter.java:495)
]]></failure>
    <system-out><![CDATA[Hibernate: insert into upeu_periodo (estado,nombre) values (?,?)
Hibernate: select p1_0.id,p1_0.estado,p1_0.nombre from upeu_periodo p1_0
Hibernate: select m1_0.periodo_id,m1_0.id,m1_0.estado,m1_0.evento_id,m1_0.persona_id,p2_0.id,p2_0.apellido_mat,p2_0.apellido_pat,p2_0.celular,p2_0.clave,p2_0.codigo,p2_0.correo,p2_0.escuela_id,e1_0.id,e1_0.estado,e1_0.facultad_id,e1_0.inicialeseap,e1_0.nombreeap,p2_0.estado,p2_0.nombre,p2_0.tipo from upeu_matricula m1_0 left join upeu_persona p2_0 on p2_0.id=m1_0.persona_id left join upeu_escuela e1_0 on e1_0.id=p2_0.escuela_id where m1_0.periodo_id=?
Hibernate: select e1_0.periodo_id,e1_0.id,e1_0.asis_subact,e1_0.entsal,e1_0.estado,e1_0.evaluar,e1_0.fecha,e1_0.horai,e1_0.latitud,e1_0.longitud,e1_0.mater,e1_0.min_toler,e1_0.nombre_evento,e1_0.offlinex,e1_0.perfil_evento,e1_0.user_create,e1_0.valid_insc from upeu_evento e1_0 where e1_0.periodo_id=?
Hibernate: select m1_0.periodo_id,m1_0.id,m1_0.estado,m1_0.evento_id,m1_0.persona_id,p2_0.id,p2_0.apellido_mat,p2_0.apellido_pat,p2_0.celular,p2_0.clave,p2_0.codigo,p2_0.correo,p2_0.escuela_id,e1_0.id,e1_0.estado,e1_0.facultad_id,e1_0.inicialeseap,e1_0.nombreeap,p2_0.estado,p2_0.nombre,p2_0.tipo from upeu_matricula m1_0 left join upeu_persona p2_0 on p2_0.id=m1_0.persona_id left join upeu_escuela e1_0 on e1_0.id=p2_0.escuela_id where m1_0.periodo_id=?
Hibernate: select f1_0.id,f1_0.estado,f1_0.iniciales,f1_0.nombrefac,e1_0.facultad_id,e1_0.id,e1_0.estado,e1_0.inicialeseap,e1_0.nombreeap from upeu_facultad f1_0 left join upeu_escuela e1_0 on f1_0.id=e1_0.facultad_id where f1_0.id=?
Hibernate: select m1_0.persona_id,m1_0.id,m1_0.estado,m1_0.evento_id,m1_0.periodo_id,p1_0.id,p1_0.estado,p1_0.nombre from upeu_matricula m1_0 left join upeu_periodo p1_0 on p1_0.id=m1_0.periodo_id where m1_0.persona_id=?
Hibernate: select p1_0.escuela_id,p1_0.id,p1_0.apellido_mat,p1_0.apellido_pat,p1_0.celular,p1_0.clave,p1_0.codigo,p1_0.correo,p1_0.estado,p1_0.nombre,p1_0.tipo from upeu_persona p1_0 where p1_0.escuela_id=?
Hibernate: select e1_0.periodo_id,e1_0.id,e1_0.asis_subact,e1_0.entsal,e1_0.estado,e1_0.evaluar,e1_0.fecha,e1_0.horai,e1_0.latitud,e1_0.longitud,e1_0.mater,e1_0.min_toler,e1_0.nombre_evento,e1_0.offlinex,e1_0.perfil_evento,e1_0.user_create,e1_0.valid_insc from upeu_evento e1_0 where e1_0.periodo_id=?
2023-2Activo
2021-2Activo
2021-2Inactivo
]]></system-out>
  </testcase>
</testsuite>