<?xml version="1.0" encoding="UTF-8"?>
<testsuite xmlns:xsi="http://www.w3.org/2001/XMLSchema-instance" xsi:noNamespaceSchemaLocation="https://maven.apache.org/surefire/maven-surefire-plugin/xsd/surefire-test-report-3.0.xsd" version="3.0" name="pe.edu.upeu.asistencia.services.PeriodoServiceImpTest" time="0.113" tests="5" errors="0" skipped="0" failures="0">
  <properties>
[...]
</properties>
  <testcase name="testFindAll" classname="pe.edu.upeu.asistencia.services.PeriodoServiceImpTest" time="0.099"/>
  <testcase name="testSave" classname="pe.edu.upeu.asistencia.services.PeriodoServiceImpTest" time="0.006">
    <system-out><![CDATA[save
2024-1	Activo
]]></system-out>
  </testcase>
  <testcase name="testDelete" classname="pe.edu.upeu.asistencia.services.PeriodoServiceImpTest" time="0.002">
    <system-out><![CDATA[delete
]]></system-out>
  </testcase>
  <testcase name="testGetPeriodoById" classname="pe.edu.upeu.asistencia.services.PeriodoServiceImpTest" time="0.001">
    <system-out><![CDATA[getPeriodoById
]]></system-out>
  </testcase>
  <testcase name="testUpdate" classname="pe.edu.upeu.asistencia.services.PeriodoServiceImpTest" time="0.002">
    <system-out><![CDATA[update
]]></system-out>
  </testcase>
</testsuite>